Using pre-set license
Built from '2020.3/release' branch; Version is '2020.3.1f1 (77a89f25062f) revision 7841951'; Using compiler version '192528614'; Build Type 'Release'
OS: 'Windows 10 Home Single Language; OS build 19042.1165; Version 2009; 64bit' Language: 'ru' Physical Memory: 8042 MB
BatchMode: 1, IsHumanControllingUs: 0, StartBugReporterOnCrash: 0, Is64bit: 1, IsPro: 0

 COMMAND LINE ARGUMENTS:
C:\Program Files\Unity\Hub\Editor\2020.3.1f1\Editor\Unity.exe
-adb2
-batchMode
-noUpm
-name
AssetImportWorker0
-projectPath
C:/Users/Gregory/Desktop/Asteroids2D
-logFile
Logs/AssetImportWorker0.log
-srvPort
62522
Successfully changed project path to: C:/Users/Gregory/Desktop/Asteroids2D
C:/Users/Gregory/Desktop/Asteroids2D
Using Asset Import Pipeline V2.
Refreshing native plugins compatible for Editor in 160.57 ms, found 1 plugins.
Preloading 0 native plugins for Editor in 0.00 ms.
Initialize engine version: 2020.3.1f1 (77a89f25062f)
[Subsystems] Discovering subsystems at path C:/Program Files/Unity/Hub/Editor/2020.3.1f1/Editor/Data/Resources/UnitySubsystems
[Subsystems] Discovering subsystems at path C:/Users/Gregory/Desktop/Asteroids2D/Assets
GfxDevice: creating device client; threaded=0
Direct3D:
    Version:  Direct3D 11.0 [level 11.1]
    Renderer: Intel(R) UHD Graphics 620 (ID=0x3ea0)
    Vendor:   
    VRAM:     4021 MB
    Driver:   24.20.100.6195
Initialize mono
Mono path[0] = 'C:/Program Files/Unity/Hub/Editor/2020.3.1f1/Editor/Data/Managed'
Mono path[1] = 'C:/Program Files/Unity/Hub/Editor/2020.3.1f1/Editor/Data/MonoBleedingEdge/lib/mono/unityjit'
Mono config path = 'C:/Program Files/Unity/Hub/Editor/2020.3.1f1/Editor/Data/MonoBleedingEdge/etc'
Using monoOptions --debugger-agent=transport=dt_socket,embedding=1,server=y,suspend=n,address=127.0.0.1:56484
Begin MonoManager ReloadAssembly
Registering precompiled unity dll's ...
Register platform support module: C:/Program Files/Unity/Hub/Editor/2020.3.1f1/Editor/Data/PlaybackEngines/WindowsStandaloneSupport/UnityEditor.WindowsStandalone.Extensions.dll
Registered in 0.006317 seconds.
Native extension for WindowsStandalone target not found
Refreshing native plugins compatible for Editor in 111.77 ms, found 1 plugins.
Preloading 0 native plugins for Editor in 0.00 ms.
Invoked RoslynAnalysisRunner static constructor.
RoslynAnalysisRunner will not be running.
RoslynAnalysisRunner has terminated.
Mono: successfully reloaded assembly
- Completed reload, in  7.296 seconds
Platform modules already initialized, skipping
Registering precompiled user dll's ...
Registered in 0.002053 seconds.
Begin MonoManager ReloadAssembly
Native extension for WindowsStandalone target not found
Refreshing native plugins compatible for Editor in 47.37 ms, found 1 plugins.
Preloading 0 native plugins for Editor in 0.00 ms.
Invoked RoslynAnalysisRunner static constructor.
RoslynAnalysisRunner will not be running.
RoslynAnalysisRunner has terminated.
Mono: successfully reloaded assembly
- Completed reload, in  1.706 seconds
Platform modules already initialized, skipping
========================================================================
Worker process is ready to serve import requests
Launched and connected shader compiler UnityShaderCompiler.exe after 0.14 seconds
Refreshing native plugins compatible for Editor in 1.31 ms, found 1 plugins.
Preloading 0 native plugins for Editor in 0.00 ms.
Unloading 2121 Unused Serialized files (Serialized files now loaded: 0)
System memory in use before: 96.1 MB.
System memory in use after: 96.0 MB.

Unloading 26 unused Assets to reduce memory usage. Loaded Objects now: 2567.
Total: 4.992900 ms (FindLiveObjects: 0.494100 ms CreateObjectMapping: 0.303200 ms MarkObjects: 3.933400 ms  DeleteObjects: 0.259500 ms)

========================================================================
Received Prepare
Refreshing native plugins compatible for Editor in 4.83 ms, found 1 plugins.
Preloading 0 native plugins for Editor in 0.00 ms.
Unloading 10 Unused Serialized files (Serialized files now loaded: 0)
System memory in use before: 54.2 MB.
System memory in use after: 54.2 MB.

Unloading 10 unused Assets to reduce memory usage. Loaded Objects now: 2567.
Total: 4.899000 ms (FindLiveObjects: 0.308200 ms CreateObjectMapping: 0.175900 ms MarkObjects: 4.175900 ms  DeleteObjects: 0.236700 ms)

========================================================================
Received Import Request.
  path: Assets/Scripts/PlayerShipSO.cs
  artifactKey: Guid(ce8b512e59247124d85ea4b9b355f410) Importer(815301076,1909f56bfc062723c751e8b465ee728b)
Start importing Assets/Scripts/PlayerShipSO.cs using Guid(ce8b512e59247124d85ea4b9b355f410) Importer(815301076,1909f56bfc062723c751e8b465ee728b)  -> (artifact id: '49d25b7f5248f9dcbfbb3911fbbf9180') in 0.123052 seconds
  Import took 0.136627 seconds .

========================================================================
Received Prepare
Registering precompiled user dll's ...
Registered in 0.002003 seconds.
Begin MonoManager ReloadAssembly
Native extension for WindowsStandalone target not found
Refreshing native plugins compatible for Editor in 0.78 ms, found 1 plugins.
Preloading 0 native plugins for Editor in 0.00 ms.
Invoked RoslynAnalysisRunner static constructor.
RoslynAnalysisRunner will not be running.
RoslynAnalysisRunner has terminated.
Mono: successfully reloaded assembly
- Completed reload, in  3.237 seconds
Platform modules already initialized, skipping
Refreshing native plugins compatible for Editor in 1.00 ms, found 1 plugins.
Preloading 0 native plugins for Editor in 0.00 ms.
Unloading 2115 Unused Serialized files (Serialized files now loaded: 0)
System memory in use before: 96.1 MB.
System memory in use after: 96.1 MB.

Unloading 12 unused Assets to reduce memory usage. Loaded Objects now: 2571.
Total: 4.433400 ms (FindLiveObjects: 0.524900 ms CreateObjectMapping: 0.125200 ms MarkObjects: 3.578700 ms  DeleteObjects: 0.201300 ms)

========================================================================
Received Import Request.
  Time since last request: 38.853374 seconds.
  path: Assets/Scripts/PlayerShipSO.cs
  artifactKey: Guid(ce8b512e59247124d85ea4b9b355f410) Importer(815301076,1909f56bfc062723c751e8b465ee728b)
Start importing Assets/Scripts/PlayerShipSO.cs using Guid(ce8b512e59247124d85ea4b9b355f410) Importer(815301076,1909f56bfc062723c751e8b465ee728b)  -> (artifact id: '877a85fd25662ecc926b949342d1957d') in 0.011425 seconds
  Import took 0.021874 seconds .

========================================================================
Received Prepare
Registering precompiled user dll's ...
Registered in 0.001111 seconds.
Begin MonoManager ReloadAssembly
Native extension for WindowsStandalone target not found
Refreshing native plugins compatible for Editor in 0.43 ms, found 1 plugins.
Preloading 0 native plugins for Editor in 0.00 ms.
Invoked RoslynAnalysisRunner static constructor.
RoslynAnalysisRunner will not be running.
RoslynAnalysisRunner has terminated.
Mono: successfully reloaded assembly
- Completed reload, in  0.973 seconds
Platform modules already initialized, skipping
Refreshing native plugins compatible for Editor in 0.52 ms, found 1 plugins.
Preloading 0 native plugins for Editor in 0.00 ms.
Unloading 2115 Unused Serialized files (Serialized files now loaded: 0)
System memory in use before: 96.2 MB.
System memory in use after: 96.2 MB.

Unloading 12 unused Assets to reduce memory usage. Loaded Objects now: 2575.
Total: 2.854700 ms (FindLiveObjects: 0.326500 ms CreateObjectMapping: 0.087900 ms MarkObjects: 2.300000 ms  DeleteObjects: 0.139200 ms)

========================================================================
Received Import Request.
  Time since last request: 143.827983 seconds.
  path: Assets/Scripts/PlayerShipSO.cs
  artifactKey: Guid(ce8b512e59247124d85ea4b9b355f410) Importer(815301076,1909f56bfc062723c751e8b465ee728b)
Start importing Assets/Scripts/PlayerShipSO.cs using Guid(ce8b512e59247124d85ea4b9b355f410) Importer(815301076,1909f56bfc062723c751e8b465ee728b)  -> (artifact id: '69137c1de1f981a3a6eac5ea5b35f9f9') in 0.005192 seconds
  Import took 0.010532 seconds .

========================================================================
Received Prepare
Registering precompiled user dll's ...
Registered in 0.003276 seconds.
Begin MonoManager ReloadAssembly
Native extension for WindowsStandalone target not found
Refreshing native plugins compatible for Editor in 0.43 ms, found 1 plugins.
Preloading 0 native plugins for Editor in 0.00 ms.
Invoked RoslynAnalysisRunner static constructor.
RoslynAnalysisRunner will not be running.
RoslynAnalysisRunner has terminated.
Mono: successfully reloaded assembly
- Completed reload, in  0.940 seconds
Platform modules already initialized, skipping
Refreshing native plugins compatible for Editor in 0.38 ms, found 1 plugins.
Preloading 0 native plugins for Editor in 0.00 ms.
Unloading 2115 Unused Serialized files (Serialized files now loaded: 0)
System memory in use before: 96.2 MB.
System memory in use after: 96.2 MB.

Unloading 12 unused Assets to reduce memory usage. Loaded Objects now: 2579.
Total: 3.422700 ms (FindLiveObjects: 0.281900 ms CreateObjectMapping: 0.184200 ms MarkObjects: 2.821000 ms  DeleteObjects: 0.134200 ms)

========================================================================
Received Prepare
Registering precompiled user dll's ...
Registered in 0.001107 seconds.
Begin MonoManager ReloadAssembly
Native extension for WindowsStandalone target not found
Refreshing native plugins compatible for Editor in 0.49 ms, found 1 plugins.
Preloading 0 native plugins for Editor in 0.00 ms.
Invoked RoslynAnalysisRunner static constructor.
RoslynAnalysisRunner will not be running.
RoslynAnalysisRunner has terminated.
Mono: successfully reloaded assembly
- Completed reload, in  0.966 seconds
Platform modules already initialized, skipping
Refreshing native plugins compatible for Editor in 0.44 ms, found 1 plugins.
Preloading 0 native plugins for Editor in 0.00 ms.
Unloading 2115 Unused Serialized files (Serialized files now loaded: 0)
System memory in use before: 96.3 MB.
System memory in use after: 96.3 MB.

Unloading 12 unused Assets to reduce memory usage. Loaded Objects now: 2583.
Total: 3.069400 ms (FindLiveObjects: 0.392000 ms CreateObjectMapping: 0.170600 ms MarkObjects: 2.378500 ms  DeleteObjects: 0.126600 ms)

========================================================================
Received Prepare
Registering precompiled user dll's ...
Registered in 0.006300 seconds.
Begin MonoManager ReloadAssembly
Native extension for WindowsStandalone target not found
Refreshing native plugins compatible for Editor in 0.88 ms, found 1 plugins.
Preloading 0 native plugins for Editor in 0.00 ms.
Invoked RoslynAnalysisRunner static constructor.
RoslynAnalysisRunner will not be running.
RoslynAnalysisRunner has terminated.
Mono: successfully reloaded assembly
- Completed reload, in  2.868 seconds
Platform modules already initialized, skipping
Refreshing native plugins compatible for Editor in 0.91 ms, found 1 plugins.
Preloading 0 native plugins for Editor in 0.00 ms.
Unloading 2115 Unused Serialized files (Serialized files now loaded: 0)
System memory in use before: 96.3 MB.
System memory in use after: 96.3 MB.

Unloading 12 unused Assets to reduce memory usage. Loaded Objects now: 2587.
Total: 5.409400 ms (FindLiveObjects: 0.511300 ms CreateObjectMapping: 0.200000 ms MarkObjects: 4.460900 ms  DeleteObjects: 0.234900 ms)

AssetImportWorkerClient::OnTransportError - code=2 error=End of file
